<?xml version="1.0" encoding="UTF-8"?>
<!-- Generated by org.testng.reporters.JUnitXMLReporter -->
<testsuite hostname="LAPTOP-DULAB47M" ignored="0" name="Parallel Tests chrome" tests="5" failures="0" timestamp="21 Nov 2020 14:08:51 GMT" time="93.061" errors="0">
  <testcase name="@BeforeMethod initialize" time="0.012" classname="TestCases.AutomationPageTest">
    <failure type="java.lang.NullPointerException">
      <![CDATA[java.lang.NullPointerException
	at Resources.base.InitializeDriver(base.java:29)
	at TestCases.AutomationPageTest.initialize(AutomationPageTest.java:41)
	at java.util.concurrent.FutureTask.run(Unknown Source)
	at java.util.concurrent.ThreadPoolExecutor.runWorker(Unknown Source)
	at java.util.concurrent.ThreadPoolExecutor$Worker.run(Unknown Source)
	at java.lang.Thread.run(Unknown Source)
... Removed 18 stack frames]]>
    </failure>
  </testcase> <!-- @BeforeMethod initialize -->
  <testcase name="@BeforeMethod initialize" time="0.0" classname="TestCases.AutomationPageTest">
    <skipped/>
  </testcase> <!-- @BeforeMethod initialize -->
  <testcase name="@BeforeMethod initialize" time="0.0" classname="TestCases.AutomationPageTest">
    <skipped/>
  </testcase> <!-- @BeforeMethod initialize -->
  <testcase name="@BeforeMethod initialize" time="0.0" classname="TestCases.AutomationPageTest">
    <skipped/>
  </testcase> <!-- @BeforeMethod initialize -->
  <testcase name="@BeforeMethod initialize" time="0.0" classname="TestCases.AutomationPageTest">
    <skipped/>
  </testcase> <!-- @BeforeMethod initialize -->
  <testcase name="geturlinnewtab" time="3.422" classname="TestCases.AutomationPageTest"/>
  <testcase name="performallctionsfunctionality" time="6.149" classname="TestCases.AutomationPageTest"/>
  <testcase name="switchtoAlertfunctionality" time="31.573" classname="TestCases.AutomationPageTest"/>
  <testcase name="verifyRadiobuttonfunctionality" time="0.416" classname="TestCases.AutomationPageTest"/>
  <testcase name="verifySugessiondropdwonfunctionality" time="0.774" classname="TestCases.AutomationPageTest"/>
</testsuite> <!-- Parallel Tests chrome -->
