<?xml version="1.0" encoding="UTF-8"?>
<testng-results skipped="5" failed="0" ignored="0" total="10" passed="5">
  <reporter-output>
  </reporter-output>
  <suite name="Suite" duration-ms="93061" started-at="2020-11-21T14:07:18Z" finished-at="2020-11-21T14:08:51Z">
    <groups>
    </groups>
    <test name="Parallel Tests firefox" duration-ms="137" started-at="2020-11-21T14:07:18Z" finished-at="2020-11-21T14:07:18Z">
      <class name="TestCases.AutomationPageTest">
        <test-method status="FAIL" signature="initialize(java.lang.String)[pri:0, instance:TestCases.AutomationPageTest@72d818d1]" name="initialize" is-config="true" duration-ms="12" started-at="2020-11-21T19:37:18Z" finished-at="2020-11-21T19:37:18Z">
          <params>
            <param index="0">
              <value>
                <![CDATA[firefox]]>
              </value>
            </param>
          </params>
          <exception class="java.lang.NullPointerException">
            <full-stacktrace>
              <![CDATA[java.lang.NullPointerException
	at Resources.base.InitializeDriver(base.java:29)
	at TestCases.AutomationPageTest.initialize(AutomationPageTest.java:41)
	at sun.reflect.NativeMethodAccessorImpl.invoke0(Native Method)
	at sun.reflect.NativeMethodAccessorImpl.invoke(Unknown Source)
	at sun.reflect.DelegatingMethodAccessorImpl.invoke(Unknown Source)
	at java.lang.reflect.Method.invoke(Unknown Source)
	at org.testng.internal.MethodInvocationHelper.invokeMethod(MethodInvocationHelper.java:108)
	at org.testng.internal.Invoker.invokeConfigurationMethod(Invoker.java:523)
	at org.testng.internal.Invoker.invokeConfigurations(Invoker.java:224)
	at org.testng.internal.Invoker.invokeMethod(Invoker.java:599)
	at org.testng.internal.Invoker.invokeTestMethod(Invoker.java:869)
	at org.testng.internal.Invoker.invokeTestMethods(Invoker.java:1193)
	at org.testng.internal.TestMethodWorker.invokeTestMethods(TestMethodWorker.java:126)
	at org.testng.internal.TestMethodWorker.run(TestMethodWorker.java:109)
	at org.testng.TestRunner.privateRun(TestRunner.java:744)
	at org.testng.TestRunner.run(TestRunner.java:602)
	at org.testng.SuiteRunner.runTest(SuiteRunner.java:380)
	at org.testng.SuiteRunner.access$000(SuiteRunner.java:39)
	at org.testng.SuiteRunner$SuiteWorker.run(SuiteRunner.java:414)
	at org.testng.internal.thread.ThreadUtil$1.call(ThreadUtil.java:52)
	at java.util.concurrent.FutureTask.run(Unknown Source)
	at java.util.concurrent.ThreadPoolExecutor.runWorker(Unknown Source)
	at java.util.concurrent.ThreadPoolExecutor$Worker.run(Unknown Source)
	at java.lang.Thread.run(Unknown Source)
]]>
            </full-stacktrace>
          </exception> <!-- java.lang.NullPointerException -->
          <reporter-output>
          </reporter-output>
        </test-method> <!-- initialize -->
        <test-method status="SKIP" signature="geturlinnewtab()[pri:0, instance:TestCases.AutomationPageTest@72d818d1]" name="geturlinnewtab" duration-ms="0" started-at="2020-11-21T19:37:18Z" finished-at="2020-11-21T19:37:18Z">
          <exception class="java.lang.NullPointerException">
            <full-stacktrace>
              <![CDATA[java.lang.NullPointerException
	at Resources.base.InitializeDriver(base.java:29)
	at TestCases.AutomationPageTest.initialize(AutomationPageTest.java:41)
	at sun.reflect.NativeMethodAccessorImpl.invoke0(Native Method)
	at sun.reflect.NativeMethodAccessorImpl.invoke(Unknown Source)
	at sun.reflect.DelegatingMethodAccessorImpl.invoke(Unknown Source)
	at java.lang.reflect.Method.invoke(Unknown Source)
	at org.testng.internal.MethodInvocationHelper.invokeMethod(MethodInvocationHelper.java:108)
	at org.testng.internal.Invoker.invokeConfigurationMethod(Invoker.java:523)
	at org.testng.internal.Invoker.invokeConfigurations(Invoker.java:224)
	at org.testng.internal.Invoker.invokeMethod(Invoker.java:599)
	at org.testng.internal.Invoker.invokeTestMethod(Invoker.java:869)
	at org.testng.internal.Invoker.invokeTestMethods(Invoker.java:1193)
	at org.testng.internal.TestMethodWorker.invokeTestMethods(TestMethodWorker.java:126)
	at org.testng.internal.TestMethodWorker.run(TestMethodWorker.java:109)
	at org.testng.TestRunner.privateRun(TestRunner.java:744)
	at org.testng.TestRunner.run(TestRunner.java:602)
	at org.testng.SuiteRunner.runTest(SuiteRunner.java:380)
	at org.testng.SuiteRunner.access$000(SuiteRunner.java:39)
	at org.testng.SuiteRunner$SuiteWorker.run(SuiteRunner.java:414)
	at org.testng.internal.thread.ThreadUtil$1.call(ThreadUtil.java:52)
	at java.util.concurrent.FutureTask.run(Unknown Source)
	at java.util.concurrent.ThreadPoolExecutor.runWorker(Unknown Source)
	at java.util.concurrent.ThreadPoolExecutor$Worker.run(Unknown Source)
	at java.lang.Thread.run(Unknown Source)
]]>
            </full-stacktrace>
          </exception> <!-- java.lang.NullPointerException -->
          <reporter-output>
          </reporter-output>
        </test-method> <!-- geturlinnewtab -->
        <test-method status="SKIP" signature="initialize(java.lang.String)[pri:0, instance:TestCases.AutomationPageTest@72d818d1]" name="initialize" is-config="true" duration-ms="0" started-at="2020-11-21T19:37:18Z" finished-at="2020-11-21T19:37:18Z">
          <reporter-output>
          </reporter-output>
        </test-method> <!-- initialize -->
        <test-method status="SKIP" signature="performallctionsfunctionality()[pri:0, instance:TestCases.AutomationPageTest@72d818d1]" name="performallctionsfunctionality" duration-ms="0" started-at="2020-11-21T19:37:18Z" finished-at="2020-11-21T19:37:18Z">
          <exception class="java.lang.NullPointerException">
            <full-stacktrace>
              <![CDATA[java.lang.NullPointerException
	at Resources.base.InitializeDriver(base.java:29)
	at TestCases.AutomationPageTest.initialize(AutomationPageTest.java:41)
	at sun.reflect.NativeMethodAccessorImpl.invoke0(Native Method)
	at sun.reflect.NativeMethodAccessorImpl.invoke(Unknown Source)
	at sun.reflect.DelegatingMethodAccessorImpl.invoke(Unknown Source)
	at java.lang.reflect.Method.invoke(Unknown Source)
	at org.testng.internal.MethodInvocationHelper.invokeMethod(MethodInvocationHelper.java:108)
	at org.testng.internal.Invoker.invokeConfigurationMethod(Invoker.java:523)
	at org.testng.internal.Invoker.invokeConfigurations(Invoker.java:224)
	at org.testng.internal.Invoker.invokeMethod(Invoker.java:599)
	at org.testng.internal.Invoker.invokeTestMethod(Invoker.java:869)
	at org.testng.internal.Invoker.invokeTestMethods(Invoker.java:1193)
	at org.testng.internal.TestMethodWorker.invokeTestMethods(TestMethodWorker.java:126)
	at org.testng.internal.TestMethodWorker.run(TestMethodWorker.java:109)
	at org.testng.TestRunner.privateRun(TestRunner.java:744)
	at org.testng.TestRunner.run(TestRunner.java:602)
	at org.testng.SuiteRunner.runTest(SuiteRunner.java:380)
	at org.testng.SuiteRunner.access$000(SuiteRunner.java:39)
	at org.testng.SuiteRunner$SuiteWorker.run(SuiteRunner.java:414)
	at org.testng.internal.thread.ThreadUtil$1.call(ThreadUtil.java:52)
	at java.util.concurrent.FutureTask.run(Unknown Source)
	at java.util.concurrent.ThreadPoolExecutor.runWorker(Unknown Source)
	at java.util.concurrent.ThreadPoolExecutor$Worker.run(Unknown Source)
	at java.lang.Thread.run(Unknown Source)
]]>
            </full-stacktrace>
          </exception> <!-- java.lang.NullPointerException -->
          <reporter-output>
          </reporter-output>
        </test-method> <!-- performallctionsfunctionality -->
        <test-method status="SKIP" signature="initialize(java.lang.String)[pri:0, instance:TestCases.AutomationPageTest@72d818d1]" name="initialize" is-config="true" duration-ms="0" started-at="2020-11-21T19:37:18Z" finished-at="2020-11-21T19:37:18Z">
          <reporter-output>
          </reporter-output>
        </test-method> <!-- initialize -->
        <test-method status="SKIP" signature="switchtoAlertfunctionality()[pri:0, instance:TestCases.AutomationPageTest@72d818d1]" name="switchtoAlertfunctionality" duration-ms="0" started-at="2020-11-21T19:37:18Z" finished-at="2020-11-21T19:37:18Z">
          <exception class="java.lang.NullPointerException">
            <full-stacktrace>
              <![CDATA[java.lang.NullPointerException
	at Resources.base.InitializeDriver(base.java:29)
	at TestCases.AutomationPageTest.initialize(AutomationPageTest.java:41)
	at sun.reflect.NativeMethodAccessorImpl.invoke0(Native Method)
	at sun.reflect.NativeMethodAccessorImpl.invoke(Unknown Source)
	at sun.reflect.DelegatingMethodAccessorImpl.invoke(Unknown Source)
	at java.lang.reflect.Method.invoke(Unknown Source)
	at org.testng.internal.MethodInvocationHelper.invokeMethod(MethodInvocationHelper.java:108)
	at org.testng.internal.Invoker.invokeConfigurationMethod(Invoker.java:523)
	at org.testng.internal.Invoker.invokeConfigurations(Invoker.java:224)
	at org.testng.internal.Invoker.invokeMethod(Invoker.java:599)
	at org.testng.internal.Invoker.invokeTestMethod(Invoker.java:869)
	at org.testng.internal.Invoker.invokeTestMethods(Invoker.java:1193)
	at org.testng.internal.TestMethodWorker.invokeTestMethods(TestMethodWorker.java:126)
	at org.testng.internal.TestMethodWorker.run(TestMethodWorker.java:109)
	at org.testng.TestRunner.privateRun(TestRunner.java:744)
	at org.testng.TestRunner.run(TestRunner.java:602)
	at org.testng.SuiteRunner.runTest(SuiteRunner.java:380)
	at org.testng.SuiteRunner.access$000(SuiteRunner.java:39)
	at org.testng.SuiteRunner$SuiteWorker.run(SuiteRunner.java:414)
	at org.testng.internal.thread.ThreadUtil$1.call(ThreadUtil.java:52)
	at java.util.concurrent.FutureTask.run(Unknown Source)
	at java.util.concurrent.ThreadPoolExecutor.runWorker(Unknown Source)
	at java.util.concurrent.ThreadPoolExecutor$Worker.run(Unknown Source)
	at java.lang.Thread.run(Unknown Source)
]]>
            </full-stacktrace>
          </exception> <!-- java.lang.NullPointerException -->
          <reporter-output>
          </reporter-output>
        </test-method> <!-- switchtoAlertfunctionality -->
        <test-method status="SKIP" signature="initialize(java.lang.String)[pri:0, instance:TestCases.AutomationPageTest@72d818d1]" name="initialize" is-config="true" duration-ms="0" started-at="2020-11-21T19:37:18Z" finished-at="2020-11-21T19:37:18Z">
          <reporter-output>
          </reporter-output>
        </test-method> <!-- initialize -->
        <test-method status="SKIP" signature="verifyRadiobuttonfunctionality()[pri:0, instance:TestCases.AutomationPageTest@72d818d1]" name="verifyRadiobuttonfunctionality" duration-ms="0" started-at="2020-11-21T19:37:18Z" finished-at="2020-11-21T19:37:18Z">
          <exception class="java.lang.NullPointerException">
            <full-stacktrace>
              <![CDATA[java.lang.NullPointerException
	at Resources.base.InitializeDriver(base.java:29)
	at TestCases.AutomationPageTest.initialize(AutomationPageTest.java:41)
	at sun.reflect.NativeMethodAccessorImpl.invoke0(Native Method)
	at sun.reflect.NativeMethodAccessorImpl.invoke(Unknown Source)
	at sun.reflect.DelegatingMethodAccessorImpl.invoke(Unknown Source)
	at java.lang.reflect.Method.invoke(Unknown Source)
	at org.testng.internal.MethodInvocationHelper.invokeMethod(MethodInvocationHelper.java:108)
	at org.testng.internal.Invoker.invokeConfigurationMethod(Invoker.java:523)
	at org.testng.internal.Invoker.invokeConfigurations(Invoker.java:224)
	at org.testng.internal.Invoker.invokeMethod(Invoker.java:599)
	at org.testng.internal.Invoker.invokeTestMethod(Invoker.java:869)
	at org.testng.internal.Invoker.invokeTestMethods(Invoker.java:1193)
	at org.testng.internal.TestMethodWorker.invokeTestMethods(TestMethodWorker.java:126)
	at org.testng.internal.TestMethodWorker.run(TestMethodWorker.java:109)
	at org.testng.TestRunner.privateRun(TestRunner.java:744)
	at org.testng.TestRunner.run(TestRunner.java:602)
	at org.testng.SuiteRunner.runTest(SuiteRunner.java:380)
	at org.testng.SuiteRunner.access$000(SuiteRunner.java:39)
	at org.testng.SuiteRunner$SuiteWorker.run(SuiteRunner.java:414)
	at org.testng.internal.thread.ThreadUtil$1.call(ThreadUtil.java:52)
	at java.util.concurrent.FutureTask.run(Unknown Source)
	at java.util.concurrent.ThreadPoolExecutor.runWorker(Unknown Source)
	at java.util.concurrent.ThreadPoolExecutor$Worker.run(Unknown Source)
	at java.lang.Thread.run(Unknown Source)
]]>
            </full-stacktrace>
          </exception> <!-- java.lang.NullPointerException -->
          <reporter-output>
          </reporter-output>
        </test-method> <!-- verifyRadiobuttonfunctionality -->
        <test-method status="SKIP" signature="initialize(java.lang.String)[pri:0, instance:TestCases.AutomationPageTest@72d818d1]" name="initialize" is-config="true" duration-ms="0" started-at="2020-11-21T19:37:18Z" finished-at="2020-11-21T19:37:18Z">
          <reporter-output>
          </reporter-output>
        </test-method> <!-- initialize -->
        <test-method status="SKIP" signature="verifySugessiondropdwonfunctionality()[pri:0, instance:TestCases.AutomationPageTest@72d818d1]" name="verifySugessiondropdwonfunctionality" duration-ms="0" started-at="2020-11-21T19:37:18Z" finished-at="2020-11-21T19:37:18Z">
          <exception class="java.lang.NullPointerException">
            <full-stacktrace>
              <![CDATA[java.lang.NullPointerException
	at Resources.base.InitializeDriver(base.java:29)
	at TestCases.AutomationPageTest.initialize(AutomationPageTest.java:41)
	at sun.reflect.NativeMethodAccessorImpl.invoke0(Native Method)
	at sun.reflect.NativeMethodAccessorImpl.invoke(Unknown Source)
	at sun.reflect.DelegatingMethodAccessorImpl.invoke(Unknown Source)
	at java.lang.reflect.Method.invoke(Unknown Source)
	at org.testng.internal.MethodInvocationHelper.invokeMethod(MethodInvocationHelper.java:108)
	at org.testng.internal.Invoker.invokeConfigurationMethod(Invoker.java:523)
	at org.testng.internal.Invoker.invokeConfigurations(Invoker.java:224)
	at org.testng.internal.Invoker.invokeMethod(Invoker.java:599)
	at org.testng.internal.Invoker.invokeTestMethod(Invoker.java:869)
	at org.testng.internal.Invoker.invokeTestMethods(Invoker.java:1193)
	at org.testng.internal.TestMethodWorker.invokeTestMethods(TestMethodWorker.java:126)
	at org.testng.internal.TestMethodWorker.run(TestMethodWorker.java:109)
	at org.testng.TestRunner.privateRun(TestRunner.java:744)
	at org.testng.TestRunner.run(TestRunner.java:602)
	at org.testng.SuiteRunner.runTest(SuiteRunner.java:380)
	at org.testng.SuiteRunner.access$000(SuiteRunner.java:39)
	at org.testng.SuiteRunner$SuiteWorker.run(SuiteRunner.java:414)
	at org.testng.internal.thread.ThreadUtil$1.call(ThreadUtil.java:52)
	at java.util.concurrent.FutureTask.run(Unknown Source)
	at java.util.concurrent.ThreadPoolExecutor.runWorker(Unknown Source)
	at java.util.concurrent.ThreadPoolExecutor$Worker.run(Unknown Source)
	at java.lang.Thread.run(Unknown Source)
]]>
            </full-stacktrace>
          </exception> <!-- java.lang.NullPointerException -->
          <reporter-output>
          </reporter-output>
        </test-method> <!-- verifySugessiondropdwonfunctionality -->
      </class> <!-- TestCases.AutomationPageTest -->
    </test> <!-- Parallel Tests firefox -->
    <test name="Parallel Tests chrome" duration-ms="93061" started-at="2020-11-21T14:07:18Z" finished-at="2020-11-21T14:08:51Z">
      <class name="TestCases.AutomationPageTest">
        <test-method status="PASS" signature="initialize(java.lang.String)[pri:0, instance:TestCases.AutomationPageTest@13deb50e]" name="initialize" is-config="true" duration-ms="13570" started-at="2020-11-21T19:37:18Z" finished-at="2020-11-21T19:37:32Z">
          <params>
            <param index="0">
              <value>
                <![CDATA[chrome]]>
              </value>
            </param>
          </params>
          <reporter-output>
          </reporter-output>
        </test-method> <!-- initialize -->
        <test-method status="PASS" signature="geturlinnewtab()[pri:0, instance:TestCases.AutomationPageTest@13deb50e]" name="geturlinnewtab" duration-ms="3422" started-at="2020-11-21T19:37:32Z" finished-at="2020-11-21T19:37:35Z">
          <reporter-output>
          </reporter-output>
        </test-method> <!-- geturlinnewtab -->
        <test-method status="PASS" signature="closeDriver()[pri:0, instance:TestCases.AutomationPageTest@13deb50e]" name="closeDriver" is-config="true" duration-ms="916" started-at="2020-11-21T19:37:35Z" finished-at="2020-11-21T19:37:36Z">
          <reporter-output>
          </reporter-output>
        </test-method> <!-- closeDriver -->
        <test-method status="PASS" signature="initialize(java.lang.String)[pri:0, instance:TestCases.AutomationPageTest@13deb50e]" name="initialize" is-config="true" duration-ms="7827" started-at="2020-11-21T19:37:36Z" finished-at="2020-11-21T19:37:44Z">
          <params>
            <param index="0">
              <value>
                <![CDATA[chrome]]>
              </value>
            </param>
          </params>
          <reporter-output>
          </reporter-output>
        </test-method> <!-- initialize -->
        <test-method status="PASS" signature="performallctionsfunctionality()[pri:0, instance:TestCases.AutomationPageTest@13deb50e]" name="performallctionsfunctionality" duration-ms="6149" started-at="2020-11-21T19:37:44Z" finished-at="2020-11-21T19:37:50Z">
          <reporter-output>
          </reporter-output>
        </test-method> <!-- performallctionsfunctionality -->
        <test-method status="PASS" signature="closeDriver()[pri:0, instance:TestCases.AutomationPageTest@13deb50e]" name="closeDriver" is-config="true" duration-ms="1217" started-at="2020-11-21T19:37:50Z" finished-at="2020-11-21T19:37:51Z">
          <reporter-output>
          </reporter-output>
        </test-method> <!-- closeDriver -->
        <test-method status="PASS" signature="initialize(java.lang.String)[pri:0, instance:TestCases.AutomationPageTest@13deb50e]" name="initialize" is-config="true" duration-ms="8146" started-at="2020-11-21T19:37:51Z" finished-at="2020-11-21T19:37:59Z">
          <params>
            <param index="0">
              <value>
                <![CDATA[chrome]]>
              </value>
            </param>
          </params>
          <reporter-output>
          </reporter-output>
        </test-method> <!-- initialize -->
        <test-method status="PASS" signature="switchtoAlertfunctionality()[pri:0, instance:TestCases.AutomationPageTest@13deb50e]" name="switchtoAlertfunctionality" duration-ms="31573" started-at="2020-11-21T19:37:59Z" finished-at="2020-11-21T19:38:31Z">
          <reporter-output>
          </reporter-output>
        </test-method> <!-- switchtoAlertfunctionality -->
        <test-method status="PASS" signature="closeDriver()[pri:0, instance:TestCases.AutomationPageTest@13deb50e]" name="closeDriver" is-config="true" duration-ms="848" started-at="2020-11-21T19:38:31Z" finished-at="2020-11-21T19:38:32Z">
          <reporter-output>
          </reporter-output>
        </test-method> <!-- closeDriver -->
        <test-method status="PASS" signature="initialize(java.lang.String)[pri:0, instance:TestCases.AutomationPageTest@13deb50e]" name="initialize" is-config="true" duration-ms="8214" started-at="2020-11-21T19:38:32Z" finished-at="2020-11-21T19:38:40Z">
          <params>
            <param index="0">
              <value>
                <![CDATA[chrome]]>
              </value>
            </param>
          </params>
          <reporter-output>
          </reporter-output>
        </test-method> <!-- initialize -->
        <test-method status="PASS" signature="verifyRadiobuttonfunctionality()[pri:0, instance:TestCases.AutomationPageTest@13deb50e]" name="verifyRadiobuttonfunctionality" duration-ms="416" started-at="2020-11-21T19:38:40Z" finished-at="2020-11-21T19:38:40Z">
          <reporter-output>
          </reporter-output>
        </test-method> <!-- verifyRadiobuttonfunctionality -->
        <test-method status="PASS" signature="closeDriver()[pri:0, instance:TestCases.AutomationPageTest@13deb50e]" name="closeDriver" is-config="true" duration-ms="768" started-at="2020-11-21T19:38:40Z" finished-at="2020-11-21T19:38:41Z">
          <reporter-output>
          </reporter-output>
        </test-method> <!-- closeDriver -->
        <test-method status="PASS" signature="initialize(java.lang.String)[pri:0, instance:TestCases.AutomationPageTest@13deb50e]" name="initialize" is-config="true" duration-ms="7986" started-at="2020-11-21T19:38:41Z" finished-at="2020-11-21T19:38:49Z">
          <params>
            <param index="0">
              <value>
                <![CDATA[chrome]]>
              </value>
            </param>
          </params>
          <reporter-output>
          </reporter-output>
        </test-method> <!-- initialize -->
        <test-method status="PASS" signature="verifySugessiondropdwonfunctionality()[pri:0, instance:TestCases.AutomationPageTest@13deb50e]" name="verifySugessiondropdwonfunctionality" duration-ms="774" started-at="2020-11-21T19:38:49Z" finished-at="2020-11-21T19:38:50Z">
          <reporter-output>
          </reporter-output>
        </test-method> <!-- verifySugessiondropdwonfunctionality -->
        <test-method status="PASS" signature="closeDriver()[pri:0, instance:TestCases.AutomationPageTest@13deb50e]" name="closeDriver" is-config="true" duration-ms="1193" started-at="2020-11-21T19:38:50Z" finished-at="2020-11-21T19:38:51Z">
          <reporter-output>
          </reporter-output>
        </test-method> <!-- closeDriver -->
      </class> <!-- TestCases.AutomationPageTest -->
    </test> <!-- Parallel Tests chrome -->
  </suite> <!-- Suite -->
</testng-results>
